platforms/android/app/build/intermediates/manifest_merge_blame_file/debug/manifest-merger-blame-debug-report.txt
1<?xml version="1.0" encoding="utf-8"?>
2<manifest xmlns:android="http://schemas.android.com/apk/res/android"
3    package="io.ionic.starter"
4    android:hardwareAccelerated="true"
5    android:versionCode="1"
6    android:versionName="0.0.1" >
7
8    <uses-sdk
9        android:minSdkVersion="22"
9-->src\main\AndroidManifest.xml
10        android:targetSdkVersion="29" />
10-->src\main\AndroidManifest.xml
11
12    <supports-screens
12-->src\main\AndroidManifest.xml:3:5-191
13        android:anyDensity="true"
13-->src\main\AndroidManifest.xml:3:23-48
14        android:largeScreens="true"
14-->src\main\AndroidManifest.xml:3:49-76
15        android:normalScreens="true"
15-->src\main\AndroidManifest.xml:3:77-105
16        android:resizeable="true"
16-->src\main\AndroidManifest.xml:3:106-131
17        android:smallScreens="true"
17-->src\main\AndroidManifest.xml:3:132-159
18        android:xlargeScreens="true" />
18-->src\main\AndroidManifest.xml:3:160-188
19
20    <uses-permission android:name="android.permission.INTERNET" />
20-->src\main\AndroidManifest.xml:4:5-67
20-->src\main\AndroidManifest.xml:4:22-64
21    <uses-permission android:name="android.permission.WAKE_LOCK" />
21-->src\main\AndroidManifest.xml:19:5-68
21-->src\main\AndroidManifest.xml:19:22-65
22    <!-- for android -->
23    <!-- <uses-permission android:name="com.android.launcher.permission.READ_SETTINGS"/> -->
24    <!-- <uses-permission android:name="com.android.launcher.permission.WRITE_SETTINGS"/> -->
25    <!-- <uses-permission android:name="com.android.launcher.permission.INSTALL_SHORTCUT" /> -->
26    <!-- <uses-permission android:name="com.android.launcher.permission.UNINSTALL_SHORTCUT" /> -->
27    <!-- for Samsung -->
28    <uses-permission android:name="com.sec.android.provider.badge.permission.READ" />
28-->[me.leolin:ShortcutBadger:1.1.22] AndroidManifest.xml:19:5-86
28-->[me.leolin:ShortcutBadger:1.1.22] AndroidManifest.xml:19:22-83
29    <uses-permission android:name="com.sec.android.provider.badge.permission.WRITE" /> <!-- for htc -->
29-->[me.leolin:ShortcutBadger:1.1.22] AndroidManifest.xml:20:5-87
29-->[me.leolin:ShortcutBadger:1.1.22] AndroidManifest.xml:20:22-84
30    <uses-permission android:name="com.htc.launcher.permission.READ_SETTINGS" />
30-->[me.leolin:ShortcutBadger:1.1.22] AndroidManifest.xml:23:5-81
30-->[me.leolin:ShortcutBadger:1.1.22] AndroidManifest.xml:23:22-78
31    <uses-permission android:name="com.htc.launcher.permission.UPDATE_SHORTCUT" /> <!-- for sony -->
31-->[me.leolin:ShortcutBadger:1.1.22] AndroidManifest.xml:24:5-83
31-->[me.leolin:ShortcutBadger:1.1.22] AndroidManifest.xml:24:22-80
32    <uses-permission android:name="com.sonyericsson.home.permission.BROADCAST_BADGE" />
32-->[me.leolin:ShortcutBadger:1.1.22] AndroidManifest.xml:27:5-88
32-->[me.leolin:ShortcutBadger:1.1.22] AndroidManifest.xml:27:22-85
33    <uses-permission android:name="com.sonymobile.home.permission.PROVIDER_INSERT_BADGE" /> <!-- for apex -->
33-->[me.leolin:ShortcutBadger:1.1.22] AndroidManifest.xml:28:5-92
33-->[me.leolin:ShortcutBadger:1.1.22] AndroidManifest.xml:28:22-89
34    <uses-permission android:name="com.anddoes.launcher.permission.UPDATE_COUNT" /> <!-- for solid -->
34-->[me.leolin:ShortcutBadger:1.1.22] AndroidManifest.xml:31:5-84
34-->[me.leolin:ShortcutBadger:1.1.22] AndroidManifest.xml:31:22-81
35    <uses-permission android:name="com.majeur.launcher.permission.UPDATE_BADGE" /> <!-- for huawei -->
35-->[me.leolin:ShortcutBadger:1.1.22] AndroidManifest.xml:34:5-83
35-->[me.leolin:ShortcutBadger:1.1.22] AndroidManifest.xml:34:22-80
36    <uses-permission android:name="com.huawei.android.launcher.permission.CHANGE_BADGE" />
36-->[me.leolin:ShortcutBadger:1.1.22] AndroidManifest.xml:37:5-91
36-->[me.leolin:ShortcutBadger:1.1.22] AndroidManifest.xml:37:22-88
37    <uses-permission android:name="com.huawei.android.launcher.permission.READ_SETTINGS" />
37-->[me.leolin:ShortcutBadger:1.1.22] AndroidManifest.xml:38:5-92
37-->[me.leolin:ShortcutBadger:1.1.22] AndroidManifest.xml:38:22-89
38    <uses-permission android:name="com.huawei.android.launcher.permission.WRITE_SETTINGS" /> <!-- for ZUK -->
38-->[me.leolin:ShortcutBadger:1.1.22] AndroidManifest.xml:39:5-93
38-->[me.leolin:ShortcutBadger:1.1.22] AndroidManifest.xml:39:22-90
39    <uses-permission android:name="android.permission.READ_APP_BADGE" /> <!-- for OPPO -->
39-->[me.leolin:ShortcutBadger:1.1.22] AndroidManifest.xml:42:5-73
39-->[me.leolin:ShortcutBadger:1.1.22] AndroidManifest.xml:42:22-70
40    <uses-permission android:name="com.oppo.launcher.permission.READ_SETTINGS" />
40-->[me.leolin:ShortcutBadger:1.1.22] AndroidManifest.xml:45:5-82
40-->[me.leolin:ShortcutBadger:1.1.22] AndroidManifest.xml:45:22-79
41    <uses-permission android:name="com.oppo.launcher.permission.WRITE_SETTINGS" /> <!-- for EvMe -->
41-->[me.leolin:ShortcutBadger:1.1.22] AndroidManifest.xml:46:5-83
41-->[me.leolin:ShortcutBadger:1.1.22] AndroidManifest.xml:46:22-80
42    <uses-permission android:name="me.everything.badger.permission.BADGE_COUNT_READ" />
42-->[me.leolin:ShortcutBadger:1.1.22] AndroidManifest.xml:49:5-88
42-->[me.leolin:ShortcutBadger:1.1.22] AndroidManifest.xml:49:22-85
43    <uses-permission android:name="me.everything.badger.permission.BADGE_COUNT_WRITE" />
43-->[me.leolin:ShortcutBadger:1.1.22] AndroidManifest.xml:50:5-89
43-->[me.leolin:ShortcutBadger:1.1.22] AndroidManifest.xml:50:22-86
44
45    <application
45-->src\main\AndroidManifest.xml:5:5-18:19
46        android:debuggable="true"
47        android:hardwareAccelerated="true"
47-->src\main\AndroidManifest.xml:5:18-52
48        android:icon="@mipmap/ic_launcher"
48-->src\main\AndroidManifest.xml:5:53-87
49        android:label="@string/app_name"
49-->src\main\AndroidManifest.xml:5:88-120
50        android:networkSecurityConfig="@xml/network_security_config"
50-->src\main\AndroidManifest.xml:5:121-181
51        android:supportsRtl="true" >
51-->src\main\AndroidManifest.xml:5:182-208
52        <activity
52-->src\main\AndroidManifest.xml:6:9-11:20
53            android:name="io.ionic.starter.MainActivity"
53-->src\main\AndroidManifest.xml:6:205-232
54            android:configChanges="orientation|keyboardHidden|keyboard|screenSize|locale|smallestScreenSize|screenLayout|uiMode"
54-->src\main\AndroidManifest.xml:6:19-135
55            android:label="@string/activity_name"
55-->src\main\AndroidManifest.xml:6:136-173
56            android:launchMode="singleTop"
56-->src\main\AndroidManifest.xml:6:174-204
57            android:theme="@android:style/Theme.DeviceDefault.NoActionBar"
57-->src\main\AndroidManifest.xml:6:233-295
58            android:windowSoftInputMode="adjustResize" >
58-->src\main\AndroidManifest.xml:6:296-338
59            <intent-filter android:label="@string/launcher_name" >
59-->src\main\AndroidManifest.xml:7:13-10:29
59-->src\main\AndroidManifest.xml:7:28-65
60                <action android:name="android.intent.action.MAIN" />
60-->src\main\AndroidManifest.xml:8:17-69
60-->src\main\AndroidManifest.xml:8:25-66
61
62                <category android:name="android.intent.category.LAUNCHER" />
62-->src\main\AndroidManifest.xml:9:17-77
62-->src\main\AndroidManifest.xml:9:27-74
63            </intent-filter>
64        </activity>
65
66        <provider
67            android:name="de.appplant.cordova.plugin.notification.util.AssetProvider"
67-->src\main\AndroidManifest.xml:12:127-200
68            android:authorities="io.ionic.starter.provider"
68-->src\main\AndroidManifest.xml:12:19-66
69            android:exported="false"
69-->src\main\AndroidManifest.xml:12:67-91
70            android:grantUriPermissions="true" >
70-->src\main\AndroidManifest.xml:12:92-126
71            <meta-data
71-->src\main\AndroidManifest.xml:13:13-134
72                android:name="android.support.FILE_PROVIDER_PATHS"
72-->src\main\AndroidManifest.xml:13:24-74
73                android:resource="@xml/localnotification_provider_paths" />
73-->src\main\AndroidManifest.xml:13:75-131
74        </provider>
75
76        <receiver
76-->src\main\AndroidManifest.xml:15:9-122
77            android:name="de.appplant.cordova.plugin.localnotification.TriggerReceiver"
77-->src\main\AndroidManifest.xml:15:44-119
78            android:exported="false" />
78-->src\main\AndroidManifest.xml:15:19-43
79        <receiver
79-->src\main\AndroidManifest.xml:16:9-120
80            android:name="de.appplant.cordova.plugin.localnotification.ClearReceiver"
80-->src\main\AndroidManifest.xml:16:44-117
81            android:exported="false" />
81-->src\main\AndroidManifest.xml:16:19-43
82
83        <activity
83-->src\main\AndroidManifest.xml:17:9-205
84            android:name="de.appplant.cordova.plugin.localnotification.ClickReceiver"
84-->src\main\AndroidManifest.xml:17:80-153
85            android:exported="false"
85-->src\main\AndroidManifest.xml:17:19-43
86            android:launchMode="singleInstance"
86-->src\main\AndroidManifest.xml:17:44-79
87            android:theme="@android:style/Theme.Translucent" />
87-->src\main\AndroidManifest.xml:17:154-202
88
89        <meta-data
89-->[com.android.support:support-v4:26.1.0] AndroidManifest.xml:26:9-28:38
90            android:name="android.support.VERSION"
90-->[com.android.support:support-v4:26.1.0] AndroidManifest.xml:27:13-51
91            android:value="26.1.0" />
91-->[com.android.support:support-v4:26.1.0] AndroidManifest.xml:28:13-35
92        <meta-data
92-->[android.arch.lifecycle:runtime:1.0.0] AndroidManifest.xml:25:9-27:47
93            android:name="android.arch.lifecycle.VERSION"
93-->[android.arch.lifecycle:runtime:1.0.0] AndroidManifest.xml:26:13-58
94            android:value="27.0.0-SNAPSHOT" />
94-->[android.arch.lifecycle:runtime:1.0.0] AndroidManifest.xml:27:13-44
95    </application>
96
97</manifest>